<?xml version="1.0" encoding="UTF-8"?>
<!-- Generated by org.testng.reporters.JUnitReportReporter -->
<testsuite skipped="0" hostname="Vinodh" name="com.wbl.test.SearchPageTest" tests="1" failures="0" timestamp="19 Feb 2017 04:31:30 GMT" time="1.315" errors="0">
  <testcase name="testLogint" time="1.315" classname="com.wbl.test.SearchPageTest"/>
</testsuite> <!-- com.wbl.test.SearchPageTest -->
