<?xml version="1.0" encoding="UTF-8"?>
<!-- Generated by org.testng.reporters.JUnitReportReporter -->
<testsuite skipped="0" hostname="Vinodh" name="com.amazon.test.siginPageTest" tests="2" failures="0" timestamp="19 Feb 2017 08:02:14 GMT" time="26.557" errors="0">
  <testcase name="testLogint" time="13.109" classname="com.amazon.test.siginPageTest"/>
  <testcase name="testLogint" time="13.448" classname="com.amazon.test.siginPageTest"/>
</testsuite> <!-- com.amazon.test.siginPageTest -->
