<?xml version="1.0" encoding="UTF-8"?>
<!-- Generated by org.testng.reporters.JUnitReportReporter -->
<testsuite skipped="1" hostname="Vinodh" name="com.wbl.tests.siginPageTest" tests="1" failures="0" timestamp="19 Feb 2017 04:15:11 GMT" time="0.000" errors="0">
  <testcase name="testLogint" time="0.000" classname="com.wbl.tests.siginPageTest">
    <skipped/>
  </testcase> <!-- testLogint -->
</testsuite> <!-- com.wbl.tests.siginPageTest -->
